https://github.com/konvajs/konva 
https://github.com/ReactiveX/rxjs.git 
https://github.com/angular/angular.git 
https://github.com/cocos2d/cocos2d-html5.git 
https://github.com/photonstorm/phaser-examples.git 
https://github.com/egret-labs/egret-core.git 
https://github.com/photonstorm/phaser.git 
https://github.com/hyperapp/hyperapp.git 
https://github.com/niklasvh/html2canvas.git 
https://github.com/antvis/f2.git 
https://github.com/quilljs/quill.git 
https://github.com/koajs/koa.git 
https://github.com/expressjs/express.git 
git@github.com:lodash/lodash.git 
https://github.com/vuejs/vuex.git 
https://github.com/vuejs/vue.git 
https://github.com/facebook/react.git 
https://github.com/omnidan/redux-undo.git 
https://github.com/Flipboard/react-canvas.git 
https://github.com/williamngan/pt.git 
https://github.com/williamngan/pts.git 
https://github.com/omni360/three.js.sourcecode.git 
https://github.com/processing/p5.js.git 
https://github.com/szimek/signature_pad.git 
git@github.com:pixijs/pixi.js.git 
https://github.com/ecomfe/zrender.git 
https://github.com/paperjs/paper.js.git 
https://github.com/literallycanvas/literallycanvas.git 
git@github.com:apache/incubator-echarts.git 
git@github.com:fabricjs/fabric.js.git 
https://github.com/steelsojka/lodash-decorators.git 
https://github.com/a-jie/Proton.git 
https://github.com/soulwire/sketch.js.git 
